<?xml version="1.0" encoding="UTF-8"?>
<!-- Generated by org.testng.reporters.JUnitReportReporter -->
<testsuite hostname="pc9" failures="0" tests="2" name="launchbrowser.BalanceTest" time="470.145" errors="0" timestamp="2023-12-27T17:05:41 IST" skipped="0">
  <testcase classname="launchbrowser.BalanceTest" name="topMethodTest" time="23.063"/>
  <system-out/>
  <testcase classname="launchbrowser.BalanceTest" name="runTest" time="447.082"/>
  <system-out/>
</testsuite> <!-- launchbrowser.BalanceTest -->
