<?xml version="1.0" encoding="UTF-8"?>
<!-- Generated by org.testng.reporters.JUnitReportReporter -->
<testsuite hostname="pc9" failures="0" tests="18" name="testsuite.TestScript" time="724.797" errors="0" timestamp="2024-01-04T12:53:21 IST" skipped="0">
  <testcase classname="testsuite.TestScript" name="Login" time="15.341"/>
  <system-out/>
  <testcase classname="testsuite.TestScript" name="stocktakeOpen" time="187.235"/>
  <system-out/>
  <testcase classname="testsuite.TestScript" name="Transferin" time="22.335"/>
  <system-out/>
  <testcase classname="testsuite.TestScript" name="Transferin" time="22.335"/>
  <system-out/>
  <testcase classname="testsuite.TestScript" name="Transferin" time="22.413"/>
  <system-out/>
  <testcase classname="testsuite.TestScript" name="Transferin" time="22.505"/>
  <system-out/>
  <testcase classname="testsuite.TestScript" name="Transferin" time="22.362"/>
  <system-out/>
  <testcase classname="testsuite.TestScript" name="Transferin" time="22.406"/>
  <system-out/>
  <testcase classname="testsuite.TestScript" name="Transferin" time="22.294"/>
  <system-out/>
  <testcase classname="testsuite.TestScript" name="Transferin" time="22.283"/>
  <system-out/>
  <testcase classname="testsuite.TestScript" name="Transferin" time="22.345"/>
  <system-out/>
  <testcase classname="testsuite.TestScript" name="Transferin" time="22.415"/>
  <system-out/>
  <testcase classname="testsuite.TestScript" name="Transferin" time="22.329"/>
  <system-out/>
  <testcase classname="testsuite.TestScript" name="Transferin" time="22.480"/>
  <system-out/>
  <testcase classname="testsuite.TestScript" name="Transferin" time="22.642"/>
  <system-out/>
  <testcase classname="testsuite.TestScript" name="Transferin" time="22.438"/>
  <system-out/>
  <testcase classname="testsuite.TestScript" name="Transferin" time="22.357"/>
  <system-out/>
  <testcase classname="testsuite.TestScript" name="stocktakeclose" time="186.282"/>
  <system-out/>
</testsuite> <!-- testsuite.TestScript -->
