<?xml version="1.0" encoding="UTF-8"?>
<!-- Generated by org.testng.reporters.JUnitReportReporter -->
<testsuite hostname="pc9" failures="0" tests="11" name="strongroom.Agedcare" time="472.437" errors="0" timestamp="2024-01-23T13:29:05 IST" skipped="3">
  <testcase classname="strongroom.Agedcare" name="TransferinImprest" time="62.601"/>
  <system-out/>
  <testcase classname="strongroom.Agedcare" name="TransferinPatient" time="60.540"/>
  <system-out/>
  <testcase classname="strongroom.Agedcare" name="TransferoutImprest" time="63.162"/>
  <system-out/>
  <testcase classname="strongroom.Agedcare" name="TransferoutPatient" time="60.526"/>
  <system-out/>
  <testcase classname="strongroom.Agedcare" name="Destroyimprest" time="58.512"/>
  <system-out/>
  <testcase classname="strongroom.Agedcare" name="DestroyPatient" time="53.722"/>
  <system-out/>
  <testcase classname="strongroom.Agedcare" name="Outgoingimprest" time="58.005"/>
  <system-out/>
  <testcase classname="strongroom.Agedcare" name="OutgoingPatient" time="55.369"/>
  <system-out/>
  <testcase classname="strongroom.Agedcare" name="Adjustmentimprest">
    <skipped/>
  </testcase> <!-- Adjustmentimprest -->
  <system-out/>
  <testcase classname="strongroom.Agedcare" name="stocktakeOpen">
    <skipped/>
  </testcase> <!-- stocktakeOpen -->
  <system-out/>
  <testcase classname="strongroom.Agedcare" name="stocktakeclose">
    <skipped/>
  </testcase> <!-- stocktakeclose -->
  <system-out/>
</testsuite> <!-- strongroom.Agedcare -->
