<?xml version="1.0" encoding="UTF-8"?>
<!-- Generated by org.testng.reporters.JUnitReportReporter -->
<testsuite hostname="pc9" failures="0" tests="6" name="strongroom.Agedcare" time="63.058" errors="0" timestamp="2024-01-05T17:13:04 IST" skipped="3">
  <testcase classname="strongroom.Agedcare" name="Login" time="13.408"/>
  <system-out/>
  <testcase classname="strongroom.Agedcare" name="TransferinPatient" time="25.047"/>
  <system-out/>
  <testcase classname="strongroom.Agedcare" name="TransferinPatient" time="24.603"/>
  <system-out/>
  <testcase classname="strongroom.Agedcare" name="TransferinImprest">
    <skipped/>
  </testcase> <!-- TransferinImprest -->
  <system-out/>
  <testcase classname="strongroom.Agedcare" name="stocktakeOpen">
    <skipped/>
  </testcase> <!-- stocktakeOpen -->
  <system-out/>
  <testcase classname="strongroom.Agedcare" name="stocktakeclose">
    <skipped/>
  </testcase> <!-- stocktakeclose -->
  <system-out/>
</testsuite> <!-- strongroom.Agedcare -->
