<?xml version="1.0" encoding="UTF-8"?>
<!-- Generated by org.testng.reporters.JUnitReportReporter -->
<testsuite hostname="pc9" failures="0" tests="7" name="testsuite.TestScript" time="146.040" errors="0" timestamp="2024-01-03T13:12:06 IST" skipped="0">
  <testcase classname="testsuite.TestScript" name="Login" time="11.945"/>
  <system-out/>
  <testcase classname="testsuite.TestScript" name="stocktake" time="6.537"/>
  <system-out/>
  <testcase classname="testsuite.TestScript" name="Transferin" time="25.562"/>
  <system-out/>
  <testcase classname="testsuite.TestScript" name="Transferin" time="25.552"/>
  <system-out/>
  <testcase classname="testsuite.TestScript" name="Transferin" time="25.407"/>
  <system-out/>
  <testcase classname="testsuite.TestScript" name="Transferin" time="25.510"/>
  <system-out/>
  <testcase classname="testsuite.TestScript" name="Transferin" time="25.527"/>
  <system-out/>
</testsuite> <!-- testsuite.TestScript -->
