<?xml version="1.0" encoding="UTF-8"?>
<!-- Generated by org.testng.reporters.JUnitReportReporter -->
<testsuite hostname="pc9" failures="0" tests="17" name="testsuite.TestScript" time="354.468" errors="0" timestamp="2024-01-04T12:14:19 IST" skipped="1">
  <testcase classname="testsuite.TestScript" name="Login" time="15.025"/>
  <system-out/>
  <testcase classname="testsuite.TestScript" name="Transferin" time="22.658"/>
  <system-out/>
  <testcase classname="testsuite.TestScript" name="Transferin" time="22.601"/>
  <system-out/>
  <testcase classname="testsuite.TestScript" name="Transferin" time="22.696"/>
  <system-out/>
  <testcase classname="testsuite.TestScript" name="Transferin" time="22.535"/>
  <system-out/>
  <testcase classname="testsuite.TestScript" name="Transferin" time="22.520"/>
  <system-out/>
  <testcase classname="testsuite.TestScript" name="Transferin" time="23.006"/>
  <system-out/>
  <testcase classname="testsuite.TestScript" name="Transferin" time="22.703"/>
  <system-out/>
  <testcase classname="testsuite.TestScript" name="Transferin" time="22.454"/>
  <system-out/>
  <testcase classname="testsuite.TestScript" name="Transferin" time="22.799"/>
  <system-out/>
  <testcase classname="testsuite.TestScript" name="Transferin" time="22.434"/>
  <system-out/>
  <testcase classname="testsuite.TestScript" name="Transferin" time="22.306"/>
  <system-out/>
  <testcase classname="testsuite.TestScript" name="Transferin" time="22.669"/>
  <system-out/>
  <testcase classname="testsuite.TestScript" name="Transferin" time="22.723"/>
  <system-out/>
  <testcase classname="testsuite.TestScript" name="Transferin" time="22.705"/>
  <system-out/>
  <testcase classname="testsuite.TestScript" name="Transferin" time="22.634"/>
  <system-out/>
  <testcase classname="testsuite.TestScript" name="stocktake">
    <skipped/>
  </testcase> <!-- stocktake -->
  <system-out/>
</testsuite> <!-- testsuite.TestScript -->
