<?xml version="1.0" encoding="UTF-8"?>
<!-- Generated by org.testng.reporters.JUnitReportReporter -->
<testsuite hostname="pc9" failures="0" tests="12" name="strongroom.Agedcare" time="148.343" errors="0" timestamp="2024-01-19T13:18:10 IST" skipped="7">
  <testcase classname="strongroom.Agedcare" name="Login" time="20.947"/>
  <system-out/>
  <testcase classname="strongroom.Agedcare" name="TransferinImprest" time="29.234"/>
  <system-out/>
  <testcase classname="strongroom.Agedcare" name="TransferinPatient" time="34.701"/>
  <system-out/>
  <testcase classname="strongroom.Agedcare" name="TransferoutImprest" time="31.002"/>
  <system-out/>
  <testcase classname="strongroom.Agedcare" name="TransferoutPatient" time="32.459"/>
  <system-out/>
  <testcase classname="strongroom.Agedcare" name="DestroyPatient">
    <skipped/>
  </testcase> <!-- DestroyPatient -->
  <system-out/>
  <testcase classname="strongroom.Agedcare" name="OutgoingPatient">
    <skipped/>
  </testcase> <!-- OutgoingPatient -->
  <system-out/>
  <testcase classname="strongroom.Agedcare" name="Destroyimprest">
    <skipped/>
  </testcase> <!-- Destroyimprest -->
  <system-out/>
  <testcase classname="strongroom.Agedcare" name="Adjustmentimprest">
    <skipped/>
  </testcase> <!-- Adjustmentimprest -->
  <system-out/>
  <testcase classname="strongroom.Agedcare" name="Outgoingimprest">
    <skipped/>
  </testcase> <!-- Outgoingimprest -->
  <system-out/>
  <testcase classname="strongroom.Agedcare" name="stocktakeOpen">
    <skipped/>
  </testcase> <!-- stocktakeOpen -->
  <system-out/>
  <testcase classname="strongroom.Agedcare" name="stocktakeclose">
    <skipped/>
  </testcase> <!-- stocktakeclose -->
  <system-out/>
</testsuite> <!-- strongroom.Agedcare -->
