<?xml version="1.0" encoding="UTF-8"?>
<!-- Generated by org.testng.reporters.JUnitReportReporter -->
<testsuite hostname="pc9" failures="0" tests="4" name="testsuite.TestScript" time="28.734" errors="0" timestamp="2024-01-02T15:52:17 IST" skipped="0">
  <testcase classname="testsuite.TestScript" name="Login" time="11.863"/>
  <system-out/>
  <testcase classname="testsuite.TestScript" name="stocktake" time="6.436"/>
  <system-out/>
  <testcase classname="testsuite.TestScript" name="Transferin" time="10.146"/>
  <system-out/>
  <testcase classname="testsuite.TestScript" name="signature" time="0.289"/>
  <system-out/>
</testsuite> <!-- testsuite.TestScript -->
