<?xml version="1.0" encoding="UTF-8"?>
<!-- Generated by org.testng.reporters.JUnitReportReporter -->
<testsuite hostname="pc9" failures="0" tests="12" name="strongroom.Agedcare" time="248.982" errors="0" timestamp="2024-01-15T18:22:16 IST" skipped="10">
  <testcase classname="strongroom.Agedcare" name="Login" time="15.211"/>
  <system-out/>
  <testcase classname="strongroom.Agedcare" name="stocktakeclose" time="233.771"/>
  <system-out/>
  <testcase classname="strongroom.Agedcare" name="TransferinImprest">
    <skipped/>
  </testcase> <!-- TransferinImprest -->
  <system-out/>
  <testcase classname="strongroom.Agedcare" name="DestroyPatient">
    <skipped/>
  </testcase> <!-- DestroyPatient -->
  <system-out/>
  <testcase classname="strongroom.Agedcare" name="TransferoutImprest">
    <skipped/>
  </testcase> <!-- TransferoutImprest -->
  <system-out/>
  <testcase classname="strongroom.Agedcare" name="TransferoutPatient">
    <skipped/>
  </testcase> <!-- TransferoutPatient -->
  <system-out/>
  <testcase classname="strongroom.Agedcare" name="OutgoingPatient">
    <skipped/>
  </testcase> <!-- OutgoingPatient -->
  <system-out/>
  <testcase classname="strongroom.Agedcare" name="Destroyimprest">
    <skipped/>
  </testcase> <!-- Destroyimprest -->
  <system-out/>
  <testcase classname="strongroom.Agedcare" name="Adjustmentimprest">
    <skipped/>
  </testcase> <!-- Adjustmentimprest -->
  <system-out/>
  <testcase classname="strongroom.Agedcare" name="TransferinPatient">
    <skipped/>
  </testcase> <!-- TransferinPatient -->
  <system-out/>
  <testcase classname="strongroom.Agedcare" name="Outgoingimprest">
    <skipped/>
  </testcase> <!-- Outgoingimprest -->
  <system-out/>
  <testcase classname="strongroom.Agedcare" name="stocktakeOpen">
    <skipped/>
  </testcase> <!-- stocktakeOpen -->
  <system-out/>
</testsuite> <!-- strongroom.Agedcare -->
