<?xml version="1.0" encoding="UTF-8"?>
<!-- Generated by org.testng.reporters.JUnitReportReporter -->
<testsuite hostname="pc9" failures="0" tests="4" name="testsuite.TestScript" time="11.581" errors="0" timestamp="2024-01-04T18:26:07 IST" skipped="3">
  <testcase classname="testsuite.TestScript" name="Login" time="11.581"/>
  <system-out/>
  <testcase classname="testsuite.TestScript" name="Transferin">
    <skipped/>
  </testcase> <!-- Transferin -->
  <system-out/>
  <testcase classname="testsuite.TestScript" name="stocktakeOpen">
    <skipped/>
  </testcase> <!-- stocktakeOpen -->
  <system-out/>
  <testcase classname="testsuite.TestScript" name="stocktakeclose">
    <skipped/>
  </testcase> <!-- stocktakeclose -->
  <system-out/>
</testsuite> <!-- testsuite.TestScript -->
