<?xml version="1.0" encoding="UTF-8"?>
<!-- Generated by org.testng.reporters.JUnitReportReporter -->
<testsuite hostname="pc9" failures="0" tests="5" name="testsuite.TestScript" time="76.927" errors="0" timestamp="2024-01-02T18:08:02 IST" skipped="0">
  <testcase classname="testsuite.TestScript" name="Login" time="11.679"/>
  <system-out/>
  <testcase classname="testsuite.TestScript" name="stocktake" time="6.562"/>
  <system-out/>
  <testcase classname="testsuite.TestScript" name="Transferin" time="19.480"/>
  <system-out/>
  <testcase classname="testsuite.TestScript" name="Transferin" time="19.480"/>
  <system-out/>
  <testcase classname="testsuite.TestScript" name="Transferin" time="19.726"/>
  <system-out/>
</testsuite> <!-- testsuite.TestScript -->
