<?xml version="1.0" encoding="UTF-8"?>
<!-- Generated by org.testng.reporters.JUnitReportReporter -->
<testsuite hostname="pc9" failures="0" tests="4" name="testsuite.TestScript" time="245.104" errors="0" timestamp="2024-01-04T14:48:00 IST" skipped="2">
  <testcase classname="testsuite.TestScript" name="Login" time="12.846"/>
  <system-out/>
  <testcase classname="testsuite.TestScript" name="stocktakeOpen" time="232.258"/>
  <system-out/>
  <testcase classname="testsuite.TestScript" name="Transferin">
    <skipped/>
  </testcase> <!-- Transferin -->
  <system-out/>
  <testcase classname="testsuite.TestScript" name="stocktakeclose">
    <skipped/>
  </testcase> <!-- stocktakeclose -->
  <system-out/>
</testsuite> <!-- testsuite.TestScript -->
