<?xml version="1.0" encoding="UTF-8"?>
<!-- Generated by org.testng.reporters.JUnitReportReporter -->
<testsuite hostname="pc9" failures="0" tests="7" name="strongroom.Agedcare" time="61.530" errors="0" timestamp="2024-01-08T10:52:40 IST" skipped="4">
  <testcase classname="strongroom.Agedcare" name="Login" time="12.595"/>
  <system-out/>
  <testcase classname="strongroom.Agedcare" name="TransferoutImprest" time="24.569"/>
  <system-out/>
  <testcase classname="strongroom.Agedcare" name="TransferoutImprest" time="24.366"/>
  <system-out/>
  <testcase classname="strongroom.Agedcare" name="TransferinImprest">
    <skipped/>
  </testcase> <!-- TransferinImprest -->
  <system-out/>
  <testcase classname="strongroom.Agedcare" name="TransferinPatient">
    <skipped/>
  </testcase> <!-- TransferinPatient -->
  <system-out/>
  <testcase classname="strongroom.Agedcare" name="stocktakeOpen">
    <skipped/>
  </testcase> <!-- stocktakeOpen -->
  <system-out/>
  <testcase classname="strongroom.Agedcare" name="stocktakeclose">
    <skipped/>
  </testcase> <!-- stocktakeclose -->
  <system-out/>
</testsuite> <!-- strongroom.Agedcare -->
